<?xml version="1.0" encoding="UTF-8"?>
<!-- Generated by org.testng.reporters.JUnitReportReporter -->
<testsuite hostname="DESKTOP-98BEPTA" failures="0" tests="1" name="com.java.APIrestAssured03.CURDoperation" time="3.050" errors="0" timestamp="2024-02-10T05:13:29 PST" skipped="0">
  <testcase classname="com.java.APIrestAssured03.CURDoperation" name="getmethod" time="3.050"/>
  <system-out/>
</testsuite> <!-- com.java.APIrestAssured03.CURDoperation -->
