<?xml version="1.0" encoding="UTF-8"?>
<!-- Generated by org.testng.reporters.JUnitReportReporter -->
<testsuite hostname="DESKTOP-98BEPTA" failures="0" tests="3" name="com.java.testng.DataProviderformethod" time="15.597" errors="0" timestamp="2024-02-06T02:27:22 PST" skipped="0">
  <testcase classname="com.java.testng.DataProviderformethod" name="testcase1gogglesearch" time="5.714"/>
  <system-out/>
  <testcase classname="com.java.testng.DataProviderformethod" name="testcase1gogglesearch" time="5.008"/>
  <system-out/>
  <testcase classname="com.java.testng.DataProviderformethod" name="testcase1gogglesearch" time="4.875"/>
  <system-out/>
</testsuite> <!-- com.java.testng.DataProviderformethod -->
