<?xml version="1.0" encoding="UTF-8"?>
<!-- Generated by org.testng.reporters.JUnitReportReporter -->
<testsuite hostname="DESKTOP-98BEPTA" failures="0" tests="1" name="com.java.testng.AutomobileCompanyName" time="0.009" errors="0" timestamp="2024-02-05T00:05:59 PST" skipped="0">
  <testcase classname="com.java.testng.AutomobileCompanyName" name="testcase1" time="0.009"/>
  <system-out/>
</testsuite> <!-- com.java.testng.AutomobileCompanyName -->
