<?xml version="1.0" encoding="UTF-8"?>
<!-- Generated by org.testng.reporters.JUnitReportReporter -->
<testsuite hostname="DESKTOP-98BEPTA" failures="0" tests="1" name="com.java.testng.TestngDemo" time="7.839" errors="0" timestamp="2024-02-03T03:00:29 PST" skipped="0">
  <testcase classname="com.java.testng.TestngDemo" name="verifypagetitle" time="7.839"/>
  <system-out/>
</testsuite> <!-- com.java.testng.TestngDemo -->
