<?xml version="1.0" encoding="UTF-8"?>
<!-- Generated by org.testng.reporters.JUnitReportReporter -->
<testsuite hostname="DESKTOP-98BEPTA" failures="0" tests="2" name="com.java.testng.GroupAttribute" time="0.024" errors="0" timestamp="2024-02-04T03:15:01 PST" skipped="0">
  <testcase classname="com.java.testng.GroupAttribute" name="vipro" time="0.004"/>
  <system-out/>
  <testcase classname="com.java.testng.GroupAttribute" name="infosys" time="0.020"/>
  <system-out/>
</testsuite> <!-- com.java.testng.GroupAttribute -->
