<?xml version="1.0" encoding="UTF-8"?>
<!-- Generated by org.testng.reporters.JUnitReportReporter -->
<testsuite hostname="DESKTOP-98BEPTA" failures="0" tests="1" name="com.java.APIrestAssured.Firstgetrequest" time="3.397" errors="0" timestamp="2024-02-10T01:30:04 PST" skipped="0">
  <testcase classname="com.java.APIrestAssured.Firstgetrequest" name="test1" time="3.397"/>
  <system-out/>
</testsuite> <!-- com.java.APIrestAssured.Firstgetrequest -->
