<?xml version="1.0" encoding="UTF-8"?>
<!-- Generated by org.testng.reporters.JUnitReportReporter -->
<testsuite hostname="DESKTOP-98BEPTA" failures="0" tests="1" name="com.java.testng.EnableDisablemethod" time="0.032" errors="0" timestamp="2024-02-03T03:08:53 PST" skipped="0">
  <testcase classname="com.java.testng.EnableDisablemethod" name="weblogin" time="0.032"/>
  <system-out/>
</testsuite> <!-- com.java.testng.EnableDisablemethod -->
