<?xml version="1.0" encoding="UTF-8"?>
<!-- Generated by org.testng.reporters.JUnitReportReporter -->
<testsuite hostname="DESKTOP-98BEPTA" failures="0" tests="3" name="com.java.testng.Testngparameterdemo" time="0.032" errors="0" timestamp="2024-02-04T23:25:25 PST" skipped="0">
  <testcase classname="com.java.testng.Testngparameterdemo" name="sub" time="0.004"/>
  <system-out/>
  <testcase classname="com.java.testng.Testngparameterdemo" name="add" time="0.020"/>
  <system-out/>
  <testcase classname="com.java.testng.Testngparameterdemo" name="mul" time="0.008"/>
  <system-out/>
</testsuite> <!-- com.java.testng.Testngparameterdemo -->
